<?xml version="1.0" encoding="UTF-8"?>
<testng-results ignored="0" total="1" passed="1" failed="0" skipped="0">
  <reporter-output>
  </reporter-output>
  <suite started-at="2020-08-19T09:40:09 BST" name="API RegressionTest" finished-at="2020-08-19T09:40:11 BST" duration-ms="1924">
    <groups>
    </groups>
    <test started-at="2020-08-19T09:40:09 BST" name="regressionTest" finished-at="2020-08-19T09:40:11 BST" duration-ms="1924">
      <class name="nhs.eddi.apitests.testfiles.CountrySearchTests">
        <test-method signature="verifyThatWeCanFindUnitedStatesOfAmericaUsingTheCodeUS()[pri:0, instance:nhs.eddi.apitests.testfiles.CountrySearchTests@31f9b85e]" started-at="2020-08-19T09:40:09 BST" name="verifyThatWeCanFindUnitedStatesOfAmericaUsingTheCodeUS" finished-at="2020-08-19T09:40:11 BST" duration-ms="1892" status="PASS">
          <reporter-output>
          </reporter-output>
        </test-method> <!-- verifyThatWeCanFindUnitedStatesOfAmericaUsingTheCodeUS -->
      </class> <!-- nhs.eddi.apitests.testfiles.CountrySearchTests -->
    </test> <!-- regressionTest -->
  </suite> <!-- API RegressionTest -->
</testng-results>
